<?xml version="1.0" encoding="UTF-8"?>
<!-- Generated by org.testng.reporters.JUnitReportReporter -->
<testsuite hostname="DESKTOP-124FF0F" failures="0" tests="1" name="MavenTestNG.MavenTestNG.AppTest" time="18.842" errors="0" timestamp="2023-11-23T18:59:34 IST" skipped="0">
  <testcase classname="MavenTestNG.MavenTestNG.AppTest" name="startBrowser" time="18.842"/>
</testsuite> <!-- MavenTestNG.MavenTestNG.AppTest -->
